<?xml version="1.0" encoding="UTF-8"?>
<testExecutions version="1">
  <file path="D:\Projects\Toreda\time\tests\time\until.spec.ts">
    <testCase name="timeUntil " duration="1"/>
  </file>
  <file path="D:\Projects\Toreda\time\tests\time\unit\supported.spec.ts">
    <testCase name="timeUnitSupported should return false when unit arg is not provided" duration="2"/>
    <testCase name="timeUnitSupported should return false when unit arg is undefined" duration="1"/>
    <testCase name="timeUnitSupported should return false when unit arg is null" duration="0"/>
    <testCase name="timeUnitSupported should return false when unit arg is an empty string" duration="1"/>
    <testCase name="timeUnitSupported should return false when unit arg is an unsupported time unit" duration="0"/>
    <testCase name="timeUnitSupported should support week alias &apos;w&apos;" duration="1"/>
    <testCase name="timeUnitSupported should support week alias &apos;wk&apos;" duration="0"/>
    <testCase name="timeUnitSupported should support week alias &apos;wks&apos;" duration="1"/>
    <testCase name="timeUnitSupported should support week alias &apos;week&apos;" duration="0"/>
    <testCase name="timeUnitSupported should support week alias &apos;weeks&apos;" duration="0"/>
  </file>
  <file path="D:\Projects\Toreda\time\tests\time\conversion\factor.spec.ts">
    <testCase name="Time Conversion Factors toSecondsFactor should return 0 when unit is an unsupported time unit" duration="4"/>
    <testCase name="Time Conversion Factors toSecondsFactor should return 0 when unit arg is undefined" duration="0"/>
    <testCase name="Time Conversion Factors toSecondsFactor should return 0 when unit arg is null" duration="1"/>
    <testCase name="Time Conversion Factors toSecondsFactor should return seconds -&gt; years conversion factor when unit arg is &apos;y&apos;" duration="0"/>
    <testCase name="Time Conversion Factors toSecondsFactor should return seconds -&gt; mo conversion factor when unit arg is &apos;mo&apos;" duration="1"/>
    <testCase name="Time Conversion Factors toSecondsFactor should return seconds -&gt; w conversion factor when unit arg is &apos;w&apos;" duration="0"/>
    <testCase name="Time Conversion Factors toSecondsFactor should return seconds -&gt; d conversion factor when unit arg is &apos;d&apos;" duration="0"/>
    <testCase name="Time Conversion Factors toSecondsFactor should return seconds -&gt; h conversion factor when unit arg is &apos;h&apos;" duration="1"/>
    <testCase name="Time Conversion Factors toSecondsFactor should return seconds -&gt; m conversion factor when unit arg is &apos;m&apos;" duration="0"/>
    <testCase name="Time Conversion Factors toSecondsFactor should return seconds -&gt; seconds conversion factor when unit arg is &apos;s&apos;" duration="0"/>
    <testCase name="Time Conversion Factors toSecondsFactor should return seconds -&gt; ms conversion factor when unit arg is &apos;ms&apos;" duration="0"/>
    <testCase name="Time Conversion Factors toSecondsFactor should return seconds -&gt; d conversion factor when unit arg is &apos;d&apos;" duration="1"/>
    <testCase name="Time Conversion Factors fromSecondsFactor should return 0 when unit is an unsupported time unit" duration="0"/>
    <testCase name="Time Conversion Factors fromSecondsFactor should return 0 when unit arg is undefined" duration="0"/>
    <testCase name="Time Conversion Factors fromSecondsFactor should return 0 when unit arg is null" duration="1"/>
    <testCase name="Time Conversion Factors fromSecondsFactor should return seconds -&gt; years conversion factor when unit arg is &apos;y&apos;" duration="0"/>
    <testCase name="Time Conversion Factors fromSecondsFactor should return seconds -&gt; mo conversion factor when unit arg is &apos;mo&apos;" duration="0"/>
    <testCase name="Time Conversion Factors fromSecondsFactor should return seconds -&gt; w conversion factor when unit arg is &apos;w&apos;" duration="0"/>
    <testCase name="Time Conversion Factors fromSecondsFactor should return seconds -&gt; d conversion factor when unit arg is &apos;d&apos;" duration="1"/>
    <testCase name="Time Conversion Factors fromSecondsFactor should return seconds -&gt; h conversion factor when unit arg is &apos;h&apos;" duration="0"/>
    <testCase name="Time Conversion Factors fromSecondsFactor should return seconds -&gt; m conversion factor when unit arg is &apos;m&apos;" duration="1"/>
    <testCase name="Time Conversion Factors fromSecondsFactor should return seconds -&gt; seconds conversion factor when unit arg is &apos;s&apos;" duration="0"/>
    <testCase name="Time Conversion Factors fromSecondsFactor should return seconds -&gt; ms conversion factor when unit arg is &apos;ms&apos;" duration="0"/>
    <testCase name="Time Conversion Factors fromSecondsFactor should return seconds -&gt; d conversion factor when unit arg is &apos;d&apos;" duration="1"/>
  </file>
  <file path="D:\Projects\Toreda\time\tests\time\units.spec.ts">
    <testCase name="timeUnits should return &apos;d&apos; for &apos;d&apos;" duration="2"/>
    <testCase name="timeUnits should map &apos;days&apos; -&gt; &apos;d&apos;" duration="1"/>
    <testCase name="timeUnits should map &apos;day&apos; -&gt; &apos;d&apos;" duration="0"/>
    <testCase name="timeUnits should map &apos;s&apos; -&gt; &apos;s&apos;" duration="1"/>
    <testCase name="timeUnits should map &apos;secs&apos; -&gt; &apos;s&apos;" duration="0"/>
    <testCase name="timeUnits should map &apos;sec&apos; -&gt; &apos;s&apos;" duration="0"/>
    <testCase name="timeUnits should map &apos;second&apos; -&gt; &apos;s&apos;" duration="1"/>
    <testCase name="timeUnits should map &apos;seconds&apos; -&gt; &apos;s&apos;" duration="0"/>
    <testCase name="timeUnits should map &apos;h&apos; -&gt; &apos;h&apos;" duration="0"/>
    <testCase name="timeUnits should map &apos;hr&apos; -&gt; &apos;h&apos;" duration="0"/>
    <testCase name="timeUnits should map &apos;hrs&apos; -&gt; &apos;h&apos;" duration="1"/>
    <testCase name="timeUnits should map &apos;hour&apos; -&gt; &apos;h&apos;" duration="0"/>
    <testCase name="timeUnits should map &apos;hours&apos; -&gt; &apos;h&apos;" duration="0"/>
    <testCase name="timeUnits should map &apos;week&apos; -&gt; &apos;w&apos;" duration="1"/>
    <testCase name="timeUnits should map &apos;weeks&apos; -&gt; &apos;w&apos;" duration="0"/>
    <testCase name="timeUnits should map &apos;wk&apos; -&gt; &apos;w&apos;" duration="0"/>
    <testCase name="timeUnits should map &apos;wks&apos; -&gt; &apos;w&apos;" duration="1"/>
    <testCase name="timeUnits should map &apos;m&apos; -&gt; &apos;m&apos;" duration="0"/>
    <testCase name="timeUnits should map &apos;min&apos; -&gt; &apos;m&apos;" duration="1"/>
    <testCase name="timeUnits should map &apos;mins&apos; -&gt; &apos;m&apos;" duration="0"/>
    <testCase name="timeUnits should map &apos;minutes&apos; -&gt; &apos;m&apos;" duration="0"/>
    <testCase name="timeUnits should map &apos;minute&apos; -&gt; &apos;m&apos;" duration="1"/>
    <testCase name="timeUnits should map &apos;y&apos; -&gt; &apos;y&apos;" duration="0"/>
    <testCase name="timeUnits should map &apos;yr&apos; -&gt; &apos;y&apos;" duration="1"/>
    <testCase name="timeUnits should map &apos;yrs&apos; -&gt; &apos;y&apos;" duration="0"/>
    <testCase name="timeUnits should map &apos;year&apos; -&gt; &apos;y&apos;" duration="0"/>
    <testCase name="timeUnits should map &apos;years&apos; -&gt; &apos;y&apos;" duration="0"/>
    <testCase name="timeUnits should map &apos;mo&apos; -&gt; &apos;mo&apos;" duration="0"/>
    <testCase name="timeUnits should map &apos;mos&apos; -&gt; &apos;mo&apos;" duration="1"/>
    <testCase name="timeUnits should map &apos;month&apos; -&gt; &apos;mo&apos;" duration="0"/>
    <testCase name="timeUnits should map &apos;months&apos; -&gt; &apos;mo&apos;" duration="1"/>
    <testCase name="timeUnits should map random string &apos;2222222&apos; -&gt; nothing" duration="0"/>
  </file>
  <file path="D:\Projects\Toreda\time\tests\time\data.spec.ts">
    <testCase name="TimeData Constructor should create instance with unit &apos;s&apos; when units arg is &apos;s&apos;" duration="3"/>
    <testCase name="TimeData Constructor should create instance with unit &apos;d&apos; when units arg is &apos;d&apos;" duration="0"/>
    <testCase name="TimeData Constructor should create instance with unit &apos;h&apos; when units arg is &apos;h&apos;" duration="0"/>
    <testCase name="TimeData Constructor should create instance with unit &apos;m&apos; when units arg is &apos;m&apos;" duration="1"/>
    <testCase name="TimeData Constructor should create instance with unit &apos;mo&apos; when units arg is &apos;mo&apos;" duration="0"/>
    <testCase name="TimeData Constructor should create instance with unit &apos;ms&apos; when units arg is &apos;ms&apos;" duration="0"/>
    <testCase name="TimeData Constructor should create instance with unit &apos;w&apos; when units arg is &apos;w&apos;" duration="0"/>
    <testCase name="TimeData Constructor should create instance with unit &apos;y&apos; when units arg is &apos;y&apos;" duration="0"/>
    <testCase name="TimeData Constructor should create instance with unit &apos;μs&apos; when units arg is &apos;μs&apos;" duration="1"/>
    <testCase name="TimeData Implementation timeUntilTime should return 0 when target time value is 0" duration="1"/>
    <testCase name="TimeData Implementation timeUntilNumber should return null when target is undefined" duration="0"/>
    <testCase name="TimeData Implementation timeUntilNumber should return null when target is null" duration="0"/>
    <testCase name="TimeData Implementation timeUntilNumber should return null when target is a truthy non-number" duration="0"/>
    <testCase name="TimeData Implementation timeUntilNumber should return time with value 0 when target time is 0" duration="1"/>
    <testCase name="TimeData Implementation timeUntilNumber should return time with value of 0 for converted units" duration="1"/>
    <testCase name="TimeData Implementation timeUntilNumber should return time with number of seconds until target time" duration="1"/>
    <testCase name="TimeData Implementation timeUntilNumber should return converted days &amp; hours until target time" duration="1"/>
    <testCase name="TimeData Implementation timeSinceNumber should return null when target is undefined" duration="0"/>
    <testCase name="TimeData Implementation timeSinceNumber should return null when target is null" duration="0"/>
    <testCase name="TimeData Implementation timeSinceNumber should return 0 when target is 0" duration="1"/>
    <testCase name="TimeData Implementation timeSinceNumber should return seconds since target time" duration="0"/>
    <testCase name="TimeData Implementation addNumber should add positive number when current value is 0" duration="0"/>
    <testCase name="TimeData Implementation addNumber should add negative number when current value is 0" duration="1"/>
    <testCase name="TimeData Implementation addNumber should add positive number when current value is negative" duration="0"/>
    <testCase name="TimeData Implementation addNumber should add negative number when current value is negative" duration="0"/>
    <testCase name="TimeData Implementation addNumber should add positive number when current value is positive" duration="0"/>
    <testCase name="TimeData Implementation subNumber should return the caller time argument when input is not a number" duration="1"/>
    <testCase name="TimeData Implementation subNumber should return the caller time argument when input is a number" duration="0"/>
    <testCase name="TimeData Implementation subNumber should subtract input from instance&apos;s value" duration="1"/>
    <testCase name="TimeData Implementation subNumber should not change instance&apos;s value when called with 0" duration="0"/>
    <testCase name="TimeData Implementation subNumber should add negative value" duration="0"/>
    <testCase name="TimeData Implementation reset should return time caller" duration="1"/>
    <testCase name="TimeData Implementation reset should reset value to 0" duration="0"/>
  </file>
  <file path="D:\Projects\Toreda\time\tests\time\make.spec.ts">
    <testCase name="timeMake should set value when calling instance as a function with a positive non-zero value" duration="4"/>
    <testCase name="timeMake should set value to zero when calling instance as a function with zero" duration="1"/>
    <testCase name="timeMake should not change value when calling instance as afunction without an argument" duration="0"/>
    <testCase name="timeMake should pass initial value to time object when initial value is 0" duration="0"/>
    <testCase name="timeMake should pass initial value to time object when initial value is 1" duration="1"/>
    <testCase name="timeMake should pass initial value to time object when initial value is an arbitrary positive value" duration="0"/>
    <testCase name="timeMake Time interface Methods should return instance which implements required interface method &apos;add" duration="0"/>
    <testCase name="timeMake Time interface Methods should return instance which implements required interface method &apos;sub" duration="1"/>
    <testCase name="timeMake Time interface Methods should return instance which implements required interface method &apos;reset" duration="0"/>
    <testCase name="timeMake Time interface Methods should return instance which implements required interface method &apos;units" duration="1"/>
    <testCase name="timeMake Time interface Methods should return instance which implements required interface method &apos;since" duration="1"/>
    <testCase name="timeMake Time interface Methods should return instance which implements required interface method &apos;until" duration="0"/>
    <testCase name="timeMake Time interface Methods should return instance which implements required interface method &apos;toMicroseconds" duration="0"/>
    <testCase name="timeMake Time interface Methods should return instance which implements required interface method &apos;toSeconds" duration="1"/>
    <testCase name="timeMake Time interface Methods should return instance which implements required interface method &apos;toMilliseconds" duration="0"/>
    <testCase name="timeMake Time interface Methods should return instance which implements required interface method &apos;toMinutes" duration="0"/>
    <testCase name="timeMake Time interface Methods should return instance which implements required interface method &apos;toHours" duration="1"/>
    <testCase name="timeMake Time interface Methods should return instance which implements required interface method &apos;toDays" duration="0"/>
    <testCase name="timeMake Time interface Methods should return instance which implements required interface method &apos;toWeeks" duration="0"/>
    <testCase name="timeMake Time interface Methods should return instance which implements required interface method &apos;toMonths" duration="0"/>
    <testCase name="timeMake Time interface Methods should return instance which implements required interface method &apos;toYears" duration="1"/>
    <testCase name="timeMake Time interface Methods should return instance which implements required interface method &apos;setNow" duration="0"/>
    <testCase name="timeMake Time interface reset should reset value back to initial value 0" duration="1"/>
    <testCase name="timeMake Time interface add should add positive number value arg when current value is 0" duration="0"/>
    <testCase name="timeMake Time interface add should add positive time object arg when current value is 0" duration="1"/>
    <testCase name="timeMake Time interface add should add negative number value arg when current value is 0" duration="6"/>
    <testCase name="timeMake Time interface add should add negative time object arg when current value is 0" duration="1"/>
    <testCase name="timeMake Time interface add should add negative number value arg when current value is positive" duration="2"/>
    <testCase name="timeMake Time interface add should add negative time object arg when current value is positive" duration="2"/>
    <testCase name="timeMake Time interface add should add negative number value arg when current value is negative" duration="1"/>
    <testCase name="timeMake Time interface add should add negative time object arg when current value is negative" duration="1"/>
    <testCase name="timeMake Time interface add should add positive number value arg when current value is positive" duration="2"/>
    <testCase name="timeMake Time interface add should add positive time object arg when current value is positive" duration="1"/>
    <testCase name="timeMake Time interface add should add positive number value arg when current value is negative" duration="1"/>
    <testCase name="timeMake Time interface add should add positive time object arg when current value is negative" duration="1"/>
    <testCase name="timeMake Time interface sub should sub positive number value arg when current value is 0" duration="1"/>
    <testCase name="timeMake Time interface sub should sub positive time object arg when current value is 0" duration="1"/>
    <testCase name="timeMake Time interface sub should sub negative number value arg when current value is 0" duration="1"/>
    <testCase name="timeMake Time interface sub should sub negative time object arg when current value is 0" duration="1"/>
    <testCase name="timeMake Time interface sub should sub negative number value arg when current value is positive" duration="1"/>
    <testCase name="timeMake Time interface sub should sub negative time object arg when current value is positive" duration="2"/>
    <testCase name="timeMake Time interface sub should sub negative number value arg when current value is negative" duration="2"/>
    <testCase name="timeMake Time interface sub should sub negative time object arg when current value is negative" duration="1"/>
    <testCase name="timeMake Time interface sub should sub positive number value arg when current value is positive" duration="2"/>
    <testCase name="timeMake Time interface sub should sub positive time object arg when current value is positive" duration="2"/>
    <testCase name="timeMake Time interface sub should sub positive number value arg when current value is negative" duration="1"/>
    <testCase name="timeMake Time interface sub should sub positive time object arg when current value is negative" duration="2"/>
    <testCase name="timeMake Time interface setNow should set value to the current time in seconds" duration="3"/>
    <testCase name="timeMake Time interface setNow should set value to the current time in time object unit type" duration="2"/>
  </file>
  <file path="D:\Projects\Toreda\time\tests\time\convert.spec.ts">
    <testCase name="timeConvert Helpers canConvert should return false when value is undefined" duration="2"/>
    <testCase name="timeConvert Helpers canConvert should return false when value is null" duration="0"/>
    <testCase name="timeConvert Helpers canConvert should return false when value is a truthy non-number" duration="0"/>
    <testCase name="timeConvert Helpers canConvert should return false when value is NaN" duration="0"/>
    <testCase name="timeConvert Helpers canConvert should return false when value exceeds max safe int" duration="1"/>
    <testCase name="timeConvert Helpers canConvert should return false when value is smaller than min safe int" duration="0"/>
    <testCase name="timeConvert Helpers canConvert should return false when value is not finite" duration="0"/>
    <testCase name="timeConvert Bad Input should return null when input value is undefined" duration="1"/>
    <testCase name="timeConvert Bad Input should return null when input value is null" duration="0"/>
    <testCase name="timeConvert Bad Input should return null when input value is a truthy string" duration="0"/>
    <testCase name="timeConvert Bad Input should return null when input value is an empty string" duration="0"/>
    <testCase name="timeConvert Bad Input should return null when to is not a valid timeKey" duration="1"/>
    <testCase name="timeConvert Bad Input should return null when from is not a valid timeKey" duration="0"/>
    <testCase name="timeConvert Bad Input should return null when to and from are both invalid timeKeys" duration="0"/>
    <testCase name="timeConvert Unit Conversions should return 0 when value is zero and both units are the same" duration="0"/>
    <testCase name="timeConvert Unit Conversions should return 0 when value is zero and units are different" duration="0"/>
    <testCase name="timeConvert Unit Conversions should return null when converted value is too big to be converted accurately" duration="1"/>
    <testCase name="timeConvert Unit Conversions should return null when output value is not finite" duration="0"/>
    <testCase name="timeConvert Unit Conversions seconds (id:0) should convert seconds to seconds: 99910s (multiple units) -&gt; 99910s (multiple units) [testid:0]" duration="0"/>
    <testCase name="timeConvert Unit Conversions seconds (id:0) should convert seconds to hours: 3600s (multiple units) -&gt; 1h (single unit) [testid:1]" duration="1"/>
    <testCase name="timeConvert Unit Conversions seconds (id:0) should convert seconds to hours: 36000s (multiple units) -&gt; 10h (multiple units) [testid:2]" duration="0"/>
    <testCase name="timeConvert Unit Conversions seconds (id:0) should convert seconds to hours: 360s (multiple units) -&gt; 0.1h (partial unit) [testid:3]" duration="0"/>
    <testCase name="timeConvert Unit Conversions seconds (id:0) should convert seconds to hours: 1800s (multiple units) -&gt; 0.5h (partial unit) [testid:4]" duration="0"/>
    <testCase name="timeConvert Unit Conversions seconds (id:0) should convert seconds to hours: 1188s (multiple units) -&gt; 0.33h (partial unit) [testid:5]" duration="0"/>
    <testCase name="timeConvert Unit Conversions seconds (id:0) should convert seconds to milliseconds: 60s (multiple units) -&gt; 60000ms (multiple units) [testid:6]" duration="0"/>
    <testCase name="timeConvert Unit Conversions seconds (id:0) should convert seconds to milliseconds: 33.1s (multiple units) -&gt; 33100ms (multiple units) [testid:7]" duration="1"/>
    <testCase name="timeConvert Unit Conversions minutes (id:1) should convert minutes to minutes: 338m (multiple units) -&gt; 338m (multiple units) [testid:8]" duration="0"/>
    <testCase name="timeConvert Unit Conversions minutes (id:1) should convert minutes to hours: 600m (multiple units) -&gt; 10h (multiple units) [testid:9]" duration="0"/>
    <testCase name="timeConvert Unit Conversions minutes (id:1) should convert minutes to hours: 60m (multiple units) -&gt; 1h (single unit) [testid:10]" duration="1"/>
    <testCase name="timeConvert Unit Conversions minutes (id:1) should convert minutes to hours: 30m (multiple units) -&gt; 0.5h (partial unit) [testid:11]" duration="0"/>
    <testCase name="timeConvert Unit Conversions minutes (id:1) should convert minutes to hours: 23m (multiple units) -&gt; 0.38h (partial unit) [testid:12]" duration="0"/>
    <testCase name="timeConvert Unit Conversions minutes (id:1) should convert minutes to days: 1440m (multiple units) -&gt; 1d (single unit) [testid:13]" duration="0"/>
    <testCase name="timeConvert Unit Conversions minutes (id:1) should convert minutes to days: 11520m (multiple units) -&gt; 8d (multiple units) [testid:14]" duration="0"/>
    <testCase name="timeConvert Unit Conversions minutes (id:1) should convert minutes to days: 360m (multiple units) -&gt; 0.25d (partial unit) [testid:15]" duration="1"/>
    <testCase name="timeConvert Unit Conversions minutes (id:1) should convert minutes to weeks: 10080m (multiple units) -&gt; 1w (single unit) [testid:16]" duration="0"/>
    <testCase name="timeConvert Unit Conversions minutes (id:1) should convert minutes to weeks: 30240m (multiple units) -&gt; 3w (multiple units) [testid:17]" duration="0"/>
    <testCase name="timeConvert Unit Conversions minutes (id:1) should convert minutes to weeks: 2520m (multiple units) -&gt; 0.25w (partial unit) [testid:18]" duration="0"/>
    <testCase name="timeConvert Unit Conversions minutes (id:1) should convert minutes to months: 43800m (multiple units) -&gt; 1mo (single unit) [testid:19]" duration="0"/>
    <testCase name="timeConvert Unit Conversions minutes (id:1) should convert minutes to months: 87600m (multiple units) -&gt; 2mo (multiple units) [testid:20]" duration="0"/>
    <testCase name="timeConvert Unit Conversions minutes (id:1) should convert minutes to months: 10950m (multiple units) -&gt; 0.25mo (partial unit) [testid:21]" duration="1"/>
    <testCase name="timeConvert Unit Conversions hours (id:2) should convert hours to minutes: 1h (single unit) -&gt; 60m (multiple units) [testid:22]" duration="0"/>
    <testCase name="timeConvert Unit Conversions hours (id:2) should convert hours to minutes: 0.5h (partial unit) -&gt; 30m (multiple units) [testid:23]" duration="0"/>
    <testCase name="timeConvert Unit Conversions hours (id:2) should convert hours to minutes: 4h (multiple units) -&gt; 240m (multiple units) [testid:24]" duration="0"/>
    <testCase name="timeConvert Unit Conversions hours (id:2) should convert hours to hours: 100h (multiple units) -&gt; 100h (multiple units) [testid:25]" duration="0"/>
    <testCase name="timeConvert Unit Conversions hours (id:2) should convert hours to seconds: 1h (single unit) -&gt; 3600s (multiple units) [testid:26]" duration="0"/>
    <testCase name="timeConvert Unit Conversions hours (id:2) should convert hours to seconds: 2h (multiple units) -&gt; 7200s (multiple units) [testid:27]" duration="1"/>
    <testCase name="timeConvert Unit Conversions hours (id:2) should convert hours to seconds: 0.5h (partial unit) -&gt; 1800s (multiple units) [testid:28]" duration="0"/>
    <testCase name="timeConvert Unit Conversions hours (id:2) should convert hours to days: 72h (multiple units) -&gt; 3d (multiple units) [testid:29]" duration="0"/>
    <testCase name="timeConvert Unit Conversions hours (id:2) should convert hours to days: 12h (multiple units) -&gt; 0.5d (partial unit) [testid:30]" duration="1"/>
    <testCase name="timeConvert Unit Conversions hours (id:2) should convert hours to days: 24h (multiple units) -&gt; 1d (single unit) [testid:31]" duration="0"/>
    <testCase name="timeConvert Unit Conversions hours (id:2) should convert hours to weeks: 55.440000000000005h (multiple units) -&gt; 0.33w (partial unit) [testid:32]" duration="0"/>
    <testCase name="timeConvert Unit Conversions hours (id:2) should convert hours to weeks: 1176h (multiple units) -&gt; 7w (multiple units) [testid:33]" duration="0"/>
    <testCase name="timeConvert Unit Conversions hours (id:2) should convert hours to weeks: 168h (multiple units) -&gt; 1w (single unit) [testid:34]" duration="0"/>
    <testCase name="timeConvert Unit Conversions hours (id:2) should convert hours to milliseconds: 3h (multiple units) -&gt; 10800000ms (multiple units) [testid:35]" duration="0"/>
    <testCase name="timeConvert Unit Conversions hours (id:2) should convert hours to milliseconds: 1h (single unit) -&gt; 3600000ms (multiple units) [testid:36]" duration="0"/>
    <testCase name="timeConvert Unit Conversions hours (id:2) should convert hours to milliseconds: 0.5h (partial unit) -&gt; 1800000ms (multiple units) [testid:37]" duration="0"/>
    <testCase name="timeConvert Unit Conversions hours (id:2) should convert hours to microseconds: 1h (single unit) -&gt; 3600000000μs (multiple units) [testid:38]" duration="1"/>
    <testCase name="timeConvert Unit Conversions hours (id:2) should convert hours to microseconds: 2h (multiple units) -&gt; 7200000000μs (multiple units) [testid:39]" duration="0"/>
    <testCase name="timeConvert Unit Conversions hours (id:2) should convert hours to microseconds: 0.5h (partial unit) -&gt; 1800000000μs (multiple units) [testid:40]" duration="0"/>
    <testCase name="timeConvert Unit Conversions days (id:3) should convert days to minutes: 4d (multiple units) -&gt; 5760m (multiple units) [testid:41]" duration="3"/>
    <testCase name="timeConvert Unit Conversions days (id:3) should convert days to minutes: 1d (single unit) -&gt; 1440m (multiple units) [testid:42]" duration="0"/>
    <testCase name="timeConvert Unit Conversions days (id:3) should convert days to minutes: 0.5d (partial unit) -&gt; 720m (multiple units) [testid:43]" duration="0"/>
    <testCase name="timeConvert Unit Conversions days (id:3) should convert days to seconds: 4d (multiple units) -&gt; 345600s (multiple units) [testid:44]" duration="0"/>
    <testCase name="timeConvert Unit Conversions days (id:3) should convert days to seconds: 0.5d (partial unit) -&gt; 43200s (multiple units) [testid:45]" duration="0"/>
    <testCase name="timeConvert Unit Conversions days (id:3) should convert days to seconds: 1d (single unit) -&gt; 86400s (multiple units) [testid:46]" duration="0"/>
    <testCase name="timeConvert Unit Conversions days (id:3) should convert days to hours: 3d (multiple units) -&gt; 72h (multiple units) [testid:47]" duration="0"/>
    <testCase name="timeConvert Unit Conversions days (id:3) should convert days to hours: 1d (single unit) -&gt; 24h (multiple units) [testid:48]" duration="1"/>
    <testCase name="timeConvert Unit Conversions days (id:3) should convert days to weeks: 14d (multiple units) -&gt; 2w (multiple units) [testid:49]" duration="0"/>
    <testCase name="timeConvert Unit Conversions days (id:3) should convert days to weeks: 7d (multiple units) -&gt; 1w (single unit) [testid:50]" duration="0"/>
    <testCase name="timeConvert Unit Conversions days (id:3) should convert days to weeks: 3.5d (multiple units) -&gt; 0.5w (partial unit) [testid:51]" duration="0"/>
    <testCase name="timeConvert Unit Conversions days (id:3) should convert days to months: 15.2083333333335d (multiple units) -&gt; 0.5mo (partial unit) [testid:52]" duration="0"/>
    <testCase name="timeConvert Unit Conversions days (id:3) should convert days to months: 121.666666666668d (multiple units) -&gt; 4mo (multiple units) [testid:53]" duration="0"/>
    <testCase name="timeConvert Unit Conversions days (id:3) should convert days to months: 30.416666666667d (multiple units) -&gt; 1mo (single unit) [testid:54]" duration="0"/>
    <testCase name="timeConvert Unit Conversions days (id:3) should convert days to years: 365d (multiple units) -&gt; 1y (single unit) [testid:55]" duration="0"/>
    <testCase name="timeConvert Unit Conversions days (id:3) should convert days to years: 1825d (multiple units) -&gt; 5y (multiple units) [testid:56]" duration="0"/>
    <testCase name="timeConvert Unit Conversions days (id:3) should convert days to years: 182.5d (multiple units) -&gt; 0.5y (partial unit) [testid:57]" duration="1"/>
    <testCase name="timeConvert Unit Conversions weeks (id:4) should convert weeks to seconds: 1w (single unit) -&gt; 604800s (multiple units) [testid:58]" duration="0"/>
    <testCase name="timeConvert Unit Conversions weeks (id:4) should convert weeks to seconds: 0.25w (partial unit) -&gt; 151200s (multiple units) [testid:59]" duration="0"/>
    <testCase name="timeConvert Unit Conversions weeks (id:4) should convert weeks to seconds: 5w (multiple units) -&gt; 3024000s (multiple units) [testid:60]" duration="0"/>
    <testCase name="timeConvert Unit Conversions weeks (id:4) should convert weeks to hours: 1w (single unit) -&gt; 168h (multiple units) [testid:61]" duration="0"/>
    <testCase name="timeConvert Unit Conversions weeks (id:4) should convert weeks to hours: 0.5w (partial unit) -&gt; 84h (multiple units) [testid:62]" duration="0"/>
    <testCase name="timeConvert Unit Conversions weeks (id:4) should convert weeks to hours: 8w (multiple units) -&gt; 1344h (multiple units) [testid:63]" duration="0"/>
    <testCase name="timeConvert Unit Conversions weeks (id:4) should convert weeks to minutes: 1w (single unit) -&gt; 10080m (multiple units) [testid:64]" duration="0"/>
    <testCase name="timeConvert Unit Conversions weeks (id:4) should convert weeks to minutes: 0.5w (partial unit) -&gt; 5040m (multiple units) [testid:65]" duration="0"/>
    <testCase name="timeConvert Unit Conversions weeks (id:4) should convert weeks to minutes: 10w (multiple units) -&gt; 100800m (multiple units) [testid:66]" duration="1"/>
    <testCase name="timeConvert Unit Conversions weeks (id:4) should convert weeks to seconds: 3w (multiple units) -&gt; 1814400s (multiple units) [testid:67]" duration="0"/>
    <testCase name="timeConvert Unit Conversions weeks (id:4) should convert weeks to seconds: 1w (single unit) -&gt; 604800s (multiple units) [testid:68]" duration="0"/>
    <testCase name="timeConvert Unit Conversions weeks (id:4) should convert weeks to seconds: 0.5w (partial unit) -&gt; 302400s (multiple units) [testid:69]" duration="0"/>
    <testCase name="timeConvert Unit Conversions weeks (id:4) should convert weeks to milliseconds: 6.6137566137568e-9w (partial unit) -&gt; 4ms (multiple units) [testid:70]" duration="0"/>
    <testCase name="timeConvert Unit Conversions weeks (id:4) should convert weeks to milliseconds: 1.6534391534392e-9w (partial unit) -&gt; 1ms (single unit) [testid:71]" duration="0"/>
    <testCase name="timeConvert Unit Conversions weeks (id:4) should convert weeks to milliseconds: 4.133597883598e-10w (partial unit) -&gt; 0.25ms (partial unit) [testid:72]" duration="0"/>
    <testCase name="timeConvert Unit Conversions weeks (id:4) should convert weeks to years: 104.285714285714w (multiple units) -&gt; 2y (multiple units) [testid:73]" duration="0"/>
    <testCase name="timeConvert Unit Conversions weeks (id:4) should convert weeks to years: 52.142857142857w (multiple units) -&gt; 1y (single unit) [testid:74]" duration="0"/>
    <testCase name="timeConvert Unit Conversions weeks (id:4) should convert weeks to years: 26.0714285714285w (multiple units) -&gt; 0.5y (partial unit) [testid:75]" duration="0"/>
    <testCase name="timeConvert Unit Conversions weeks (id:4) should convert weeks to months: 8.6904761904762w (multiple units) -&gt; 2mo (multiple units) [testid:76]" duration="1"/>
    <testCase name="timeConvert Unit Conversions weeks (id:4) should convert weeks to months: 4.3452380952381w (multiple units) -&gt; 1mo (single unit) [testid:77]" duration="0"/>
    <testCase name="timeConvert Unit Conversions weeks (id:4) should convert weeks to months: 2.17261904761905w (multiple units) -&gt; 0.5mo (partial unit) [testid:78]" duration="0"/>
    <testCase name="timeConvert Unit Conversions weeks (id:4) should convert weeks to days: 2w (multiple units) -&gt; 14d (multiple units) [testid:79]" duration="0"/>
    <testCase name="timeConvert Unit Conversions weeks (id:4) should convert weeks to days: 1w (single unit) -&gt; 7d (multiple units) [testid:80]" duration="0"/>
    <testCase name="timeConvert Unit Conversions weeks (id:4) should convert weeks to days: 0.5w (partial unit) -&gt; 3.5d (multiple units) [testid:81]" duration="0"/>
    <testCase name="timeConvert Unit Conversions weeks (id:4) should convert weeks to microseconds: 2w (multiple units) -&gt; 1209600000000μs (multiple units) [testid:82]" duration="0"/>
    <testCase name="timeConvert Unit Conversions weeks (id:4) should convert weeks to microseconds: 1w (single unit) -&gt; 604800000000μs (multiple units) [testid:83]" duration="0"/>
    <testCase name="timeConvert Unit Conversions weeks (id:4) should convert weeks to microseconds: 0.5w (partial unit) -&gt; 302400000000μs (multiple units) [testid:84]" duration="0"/>
  </file>
</testExecutions>